<?xml version="1.0" encoding="UTF-8" ?>
<testsuite tests="4" failures="3" name="com.trey.addrbook.e2e.TestEndToEnd" time="0.264" errors="0" skipped="0">
  <properties>
[...]
</properties>
  <testcase classname="com.trey.addrbook.e2e.TestEndToEnd" name="test_getPersonById" time="0.125">
    <failure message="JSON path$.fullname
Expected: is &quot;Trey Howard&quot;
     got: &quot;Fred Howard&quot;
" type="java.lang.AssertionError">java.lang.AssertionError: JSON path$.fullname
Expected: is &quot;Trey Howard&quot;
     got: &quot;Fred Howard&quot;

	at org.springframework.test.util.MatcherAssertionErrors.assertThat(MatcherAssertionErrors.java:76)
	at org.springframework.test.util.JsonPathExpectationsHelper.assertValue(JsonPathExpectationsHelper.java:65)
	at org.springframework.test.web.servlet.result.JsonPathResultMatchers$1.match(JsonPathResultMatchers.java:54)
	at org.springframework.test.web.servlet.MockMvc$1.andExpect(MockMvc.java:148)
	at com.trey.addrbook.e2e.TestEndToEnd.test_getPersonById(TestEndToEnd.java:50)
	at sun.reflect.NativeMethodAccessorImpl.invoke0(Native Method)
	at sun.reflect.NativeMethodAccessorImpl.invoke(NativeMethodAccessorImpl.java:62)
	at sun.reflect.DelegatingMethodAccessorImpl.invoke(DelegatingMethodAccessorImpl.java:43)
	at java.lang.reflect.Method.invoke(Method.java:497)
	at org.junit.runners.model.FrameworkMethod$1.runReflectiveCall(FrameworkMethod.java:47)
	at org.junit.internal.runners.model.ReflectiveCallable.run(ReflectiveCallable.java:12)
	at org.junit.runners.model.FrameworkMethod.invokeExplosively(FrameworkMethod.java:44)
	at org.junit.internal.runners.statements.InvokeMethod.evaluate(InvokeMethod.java:17)
	at org.junit.internal.runners.statements.RunBefores.evaluate(RunBefores.java:26)
	at org.springframework.test.context.junit4.statements.RunBeforeTestMethodCallbacks.evaluate(RunBeforeTestMethodCallbacks.java:74)
	at org.springframework.test.context.junit4.statements.RunAfterTestMethodCallbacks.evaluate(RunAfterTestMethodCallbacks.java:83)
	at org.springframework.test.context.junit4.statements.SpringRepeat.evaluate(SpringRepeat.java:72)
	at org.springframework.test.context.junit4.SpringJUnit4ClassRunner.runChild(SpringJUnit4ClassRunner.java:231)
	at org.springframework.test.context.junit4.SpringJUnit4ClassRunner.runChild(SpringJUnit4ClassRunner.java:88)
	at org.junit.runners.ParentRunner$3.run(ParentRunner.java:238)
	at org.junit.runners.ParentRunner$1.schedule(ParentRunner.java:63)
	at org.junit.runners.ParentRunner.runChildren(ParentRunner.java:236)
	at org.junit.runners.ParentRunner.access$000(ParentRunner.java:53)
	at org.junit.runners.ParentRunner$2.evaluate(ParentRunner.java:229)
	at org.springframework.test.context.junit4.statements.RunBeforeTestClassCallbacks.evaluate(RunBeforeTestClassCallbacks.java:61)
	at org.springframework.test.context.junit4.statements.RunAfterTestClassCallbacks.evaluate(RunAfterTestClassCallbacks.java:71)
	at org.junit.runners.ParentRunner.run(ParentRunner.java:309)
	at org.springframework.test.context.junit4.SpringJUnit4ClassRunner.run(SpringJUnit4ClassRunner.java:174)
	at org.apache.maven.surefire.junit4.JUnit4Provider.execute(JUnit4Provider.java:252)
	at org.apache.maven.surefire.junit4.JUnit4Provider.executeTestSet(JUnit4Provider.java:141)
	at org.apache.maven.surefire.junit4.JUnit4Provider.invoke(JUnit4Provider.java:112)
	at sun.reflect.NativeMethodAccessorImpl.invoke0(Native Method)
	at sun.reflect.NativeMethodAccessorImpl.invoke(NativeMethodAccessorImpl.java:62)
	at sun.reflect.DelegatingMethodAccessorImpl.invoke(DelegatingMethodAccessorImpl.java:43)
	at java.lang.reflect.Method.invoke(Method.java:497)
	at org.apache.maven.surefire.util.ReflectionUtils.invokeMethodWithArray(ReflectionUtils.java:189)
	at org.apache.maven.surefire.booter.ProviderFactory$ProviderProxy.invoke(ProviderFactory.java:165)
	at org.apache.maven.surefire.booter.ProviderFactory.invokeProvider(ProviderFactory.java:85)
	at org.apache.maven.surefire.booter.ForkedBooter.runSuitesInProcess(ForkedBooter.java:115)
	at org.apache.maven.surefire.booter.ForkedBooter.main(ForkedBooter.java:75)
</failure>
    <system-out>[INFO] Refreshing org.springframework.context.support.GenericApplicationContext@7fc44dec: startup date [Mon Mar 28 12:12:56 IST 2016]; root of context hierarchy | GenericApplicationContext.prepareRefresh(510)
[INFO] JSR-330 &apos;javax.inject.Inject&apos; annotation found and supported for autowiring | AutowiredAnnotationBeanPostProcessor.&lt;init&gt;(141)
[INFO] Pre-instantiating singletons in org.springframework.beans.factory.support.DefaultListableBeanFactory@293d0107: defining beans [org.springframework.context.annotation.internalConfigurationAnnotationProcessor,org.springframework.context.annotation.internalAutowiredAnnotationProcessor,org.springframework.context.annotation.internalRequiredAnnotationProcessor,org.springframework.context.annotation.internalCommonAnnotationProcessor,rootConfig,org.springframework.context.annotation.ConfigurationClassPostProcessor.importAwareProcessor,personServiceImpl,personDaoImpl,dtoFactory,org.springframework.aop.config.internalAutoProxyCreator,org.springframework.transaction.annotation.ProxyTransactionManagementConfiguration,org.springframework.transaction.config.internalTransactionAdvisor,transactionAttributeSource,transactionInterceptor,com.trey.addrbook.bootstrap.DatabaseConfig,dataSource,txManager]; root of factory hierarchy | DefaultListableBeanFactory.preInstantiateSingletons(598)
[INFO] Loaded JDBC driver: com.mysql.jdbc.Driver | DriverManagerDataSource.setDriverClassName(153)
 ### Starting PersonController. PersonController### 
 ### Ending PersonController. PersonController### 
[INFO] Mapped &quot;{[/person/{id}],methods=[],params=[],headers=[],consumes=[],produces=[],custom=[]}&quot; onto public com.trey.addrbook.dto.PersonDto com.trey.addrbook.controller.PersonController.getPersonById(java.lang.Integer) | StandaloneMockMvcBuilder$StaticRequestMappingHandlerMapping.registerHandlerMethod(179)
[INFO] Mapped &quot;{[/person],methods=[POST],params=[],headers=[],consumes=[],produces=[],custom=[]}&quot; onto public java.lang.Integer com.trey.addrbook.controller.PersonController.createPerson(com.trey.addrbook.dto.save.SavePersonRequest) | StandaloneMockMvcBuilder$StaticRequestMappingHandlerMapping.registerHandlerMethod(179)
[INFO] Mapped &quot;{[/person],methods=[],params=[id],headers=[],consumes=[],produces=[],custom=[]}&quot; onto public com.trey.addrbook.dto.PersonDto com.trey.addrbook.controller.PersonController.getPersonByIdFromParam(java.lang.Integer) | StandaloneMockMvcBuilder$StaticRequestMappingHandlerMapping.registerHandlerMethod(179)
[INFO] Initializing Spring FrameworkServlet &apos;&apos; | MockServletContext.log(390)
[INFO] FrameworkServlet &apos;&apos;: initialization started | TestDispatcherServlet.initServletBean(454)
[INFO] FrameworkServlet &apos;&apos;: initialization completed in 0 ms | TestDispatcherServlet.initServletBean(473)
 ### Starting Ending PersonController. getPersonById### 
 ### Starting  PersonDaoImpl. findById### 
 ### Ending PersonDaoImpl. findById### [Person [id=1, userName=thoward333, firstName=Fred, lastName=Howard]]
 ### Starting DtoFactory. createPerson ### 
 ### Ending DtoFactory. createPerson ### 1
</system-out>
    <system-err>Mar 28, 2016 12:12:56 PM org.hibernate.validator.engine.resolver.DefaultTraversableResolver detectJPA
INFO: Instantiated an instance of org.hibernate.validator.engine.resolver.JPATraversableResolver.
</system-err>
  </testcase>
  <testcase classname="com.trey.addrbook.e2e.TestEndToEnd" name="test_savePerson" time="0.081">
    <failure message="Response content expected:&lt;4&gt; but was:&lt;5&gt;" type="java.lang.AssertionError">java.lang.AssertionError: Response content expected:&lt;4&gt; but was:&lt;5&gt;
	at org.springframework.test.util.AssertionErrors.fail(AssertionErrors.java:60)
	at org.springframework.test.util.AssertionErrors.assertEquals(AssertionErrors.java:89)
	at org.springframework.test.web.servlet.result.ContentResultMatchers$5.match(ContentResultMatchers.java:139)
	at org.springframework.test.web.servlet.MockMvc$1.andExpect(MockMvc.java:148)
	at com.trey.addrbook.e2e.TestEndToEnd.test_savePerson(TestEndToEnd.java:97)
	at sun.reflect.NativeMethodAccessorImpl.invoke0(Native Method)
	at sun.reflect.NativeMethodAccessorImpl.invoke(NativeMethodAccessorImpl.java:62)
	at sun.reflect.DelegatingMethodAccessorImpl.invoke(DelegatingMethodAccessorImpl.java:43)
	at java.lang.reflect.Method.invoke(Method.java:497)
	at org.junit.runners.model.FrameworkMethod$1.runReflectiveCall(FrameworkMethod.java:47)
	at org.junit.internal.runners.model.ReflectiveCallable.run(ReflectiveCallable.java:12)
	at org.junit.runners.model.FrameworkMethod.invokeExplosively(FrameworkMethod.java:44)
	at org.junit.internal.runners.statements.InvokeMethod.evaluate(InvokeMethod.java:17)
	at org.junit.internal.runners.statements.RunBefores.evaluate(RunBefores.java:26)
	at org.springframework.test.context.junit4.statements.RunBeforeTestMethodCallbacks.evaluate(RunBeforeTestMethodCallbacks.java:74)
	at org.springframework.test.context.junit4.statements.RunAfterTestMethodCallbacks.evaluate(RunAfterTestMethodCallbacks.java:83)
	at org.springframework.test.context.junit4.statements.SpringRepeat.evaluate(SpringRepeat.java:72)
	at org.springframework.test.context.junit4.SpringJUnit4ClassRunner.runChild(SpringJUnit4ClassRunner.java:231)
	at org.springframework.test.context.junit4.SpringJUnit4ClassRunner.runChild(SpringJUnit4ClassRunner.java:88)
	at org.junit.runners.ParentRunner$3.run(ParentRunner.java:238)
	at org.junit.runners.ParentRunner$1.schedule(ParentRunner.java:63)
	at org.junit.runners.ParentRunner.runChildren(ParentRunner.java:236)
	at org.junit.runners.ParentRunner.access$000(ParentRunner.java:53)
	at org.junit.runners.ParentRunner$2.evaluate(ParentRunner.java:229)
	at org.springframework.test.context.junit4.statements.RunBeforeTestClassCallbacks.evaluate(RunBeforeTestClassCallbacks.java:61)
	at org.springframework.test.context.junit4.statements.RunAfterTestClassCallbacks.evaluate(RunAfterTestClassCallbacks.java:71)
	at org.junit.runners.ParentRunner.run(ParentRunner.java:309)
	at org.springframework.test.context.junit4.SpringJUnit4ClassRunner.run(SpringJUnit4ClassRunner.java:174)
	at org.apache.maven.surefire.junit4.JUnit4Provider.execute(JUnit4Provider.java:252)
	at org.apache.maven.surefire.junit4.JUnit4Provider.executeTestSet(JUnit4Provider.java:141)
	at org.apache.maven.surefire.junit4.JUnit4Provider.invoke(JUnit4Provider.java:112)
	at sun.reflect.NativeMethodAccessorImpl.invoke0(Native Method)
	at sun.reflect.NativeMethodAccessorImpl.invoke(NativeMethodAccessorImpl.java:62)
	at sun.reflect.DelegatingMethodAccessorImpl.invoke(DelegatingMethodAccessorImpl.java:43)
	at java.lang.reflect.Method.invoke(Method.java:497)
	at org.apache.maven.surefire.util.ReflectionUtils.invokeMethodWithArray(ReflectionUtils.java:189)
	at org.apache.maven.surefire.booter.ProviderFactory$ProviderProxy.invoke(ProviderFactory.java:165)
	at org.apache.maven.surefire.booter.ProviderFactory.invokeProvider(ProviderFactory.java:85)
	at org.apache.maven.surefire.booter.ForkedBooter.runSuitesInProcess(ForkedBooter.java:115)
	at org.apache.maven.surefire.booter.ForkedBooter.main(ForkedBooter.java:75)
</failure>
    <system-out> ### Starting PersonController. PersonController### 
 ### Ending PersonController. PersonController### 
[INFO] Mapped &quot;{[/person/{id}],methods=[],params=[],headers=[],consumes=[],produces=[],custom=[]}&quot; onto public com.trey.addrbook.dto.PersonDto com.trey.addrbook.controller.PersonController.getPersonById(java.lang.Integer) | StandaloneMockMvcBuilder$StaticRequestMappingHandlerMapping.registerHandlerMethod(179)
[INFO] Mapped &quot;{[/person],methods=[POST],params=[],headers=[],consumes=[],produces=[],custom=[]}&quot; onto public java.lang.Integer com.trey.addrbook.controller.PersonController.createPerson(com.trey.addrbook.dto.save.SavePersonRequest) | StandaloneMockMvcBuilder$StaticRequestMappingHandlerMapping.registerHandlerMethod(179)
[INFO] Mapped &quot;{[/person],methods=[],params=[id],headers=[],consumes=[],produces=[],custom=[]}&quot; onto public com.trey.addrbook.dto.PersonDto com.trey.addrbook.controller.PersonController.getPersonByIdFromParam(java.lang.Integer) | StandaloneMockMvcBuilder$StaticRequestMappingHandlerMapping.registerHandlerMethod(179)
[INFO] Initializing Spring FrameworkServlet &apos;&apos; | MockServletContext.log(390)
[INFO] FrameworkServlet &apos;&apos;: initialization started | TestDispatcherServlet.initServletBean(454)
[INFO] FrameworkServlet &apos;&apos;: initialization completed in 0 ms | TestDispatcherServlet.initServletBean(473)
 ### Starting  PersonDaoImpl. createPerson ### 
 ### Ending  PersonDaoImpl. createPerson ### 
</system-out>
    <system-err>Mar 28, 2016 12:12:56 PM org.hibernate.validator.engine.resolver.DefaultTraversableResolver detectJPA
INFO: Instantiated an instance of org.hibernate.validator.engine.resolver.JPATraversableResolver.
</system-err>
  </testcase>
  <testcase classname="com.trey.addrbook.e2e.TestEndToEnd" name="test_getPersonById_NotFound" time="0.027"/>
  <testcase classname="com.trey.addrbook.e2e.TestEndToEnd" name="test_getPersonByIdFromParam" time="0.031">
    <failure message="JSON path$.fullname
Expected: is &quot;Trey Howard&quot;
     got: &quot;Fred Howard&quot;
" type="java.lang.AssertionError">java.lang.AssertionError: JSON path$.fullname
Expected: is &quot;Trey Howard&quot;
     got: &quot;Fred Howard&quot;

	at org.springframework.test.util.MatcherAssertionErrors.assertThat(MatcherAssertionErrors.java:76)
	at org.springframework.test.util.JsonPathExpectationsHelper.assertValue(JsonPathExpectationsHelper.java:65)
	at org.springframework.test.web.servlet.result.JsonPathResultMatchers$1.match(JsonPathResultMatchers.java:54)
	at org.springframework.test.web.servlet.MockMvc$1.andExpect(MockMvc.java:148)
	at com.trey.addrbook.e2e.TestEndToEnd.test_getPersonByIdFromParam(TestEndToEnd.java:75)
	at sun.reflect.NativeMethodAccessorImpl.invoke0(Native Method)
	at sun.reflect.NativeMethodAccessorImpl.invoke(NativeMethodAccessorImpl.java:62)
	at sun.reflect.DelegatingMethodAccessorImpl.invoke(DelegatingMethodAccessorImpl.java:43)
	at java.lang.reflect.Method.invoke(Method.java:497)
	at org.junit.runners.model.FrameworkMethod$1.runReflectiveCall(FrameworkMethod.java:47)
	at org.junit.internal.runners.model.ReflectiveCallable.run(ReflectiveCallable.java:12)
	at org.junit.runners.model.FrameworkMethod.invokeExplosively(FrameworkMethod.java:44)
	at org.junit.internal.runners.statements.InvokeMethod.evaluate(InvokeMethod.java:17)
	at org.junit.internal.runners.statements.RunBefores.evaluate(RunBefores.java:26)
	at org.springframework.test.context.junit4.statements.RunBeforeTestMethodCallbacks.evaluate(RunBeforeTestMethodCallbacks.java:74)
	at org.springframework.test.context.junit4.statements.RunAfterTestMethodCallbacks.evaluate(RunAfterTestMethodCallbacks.java:83)
	at org.springframework.test.context.junit4.statements.SpringRepeat.evaluate(SpringRepeat.java:72)
	at org.springframework.test.context.junit4.SpringJUnit4ClassRunner.runChild(SpringJUnit4ClassRunner.java:231)
	at org.springframework.test.context.junit4.SpringJUnit4ClassRunner.runChild(SpringJUnit4ClassRunner.java:88)
	at org.junit.runners.ParentRunner$3.run(ParentRunner.java:238)
	at org.junit.runners.ParentRunner$1.schedule(ParentRunner.java:63)
	at org.junit.runners.ParentRunner.runChildren(ParentRunner.java:236)
	at org.junit.runners.ParentRunner.access$000(ParentRunner.java:53)
	at org.junit.runners.ParentRunner$2.evaluate(ParentRunner.java:229)
	at org.springframework.test.context.junit4.statements.RunBeforeTestClassCallbacks.evaluate(RunBeforeTestClassCallbacks.java:61)
	at org.springframework.test.context.junit4.statements.RunAfterTestClassCallbacks.evaluate(RunAfterTestClassCallbacks.java:71)
	at org.junit.runners.ParentRunner.run(ParentRunner.java:309)
	at org.springframework.test.context.junit4.SpringJUnit4ClassRunner.run(SpringJUnit4ClassRunner.java:174)
	at org.apache.maven.surefire.junit4.JUnit4Provider.execute(JUnit4Provider.java:252)
	at org.apache.maven.surefire.junit4.JUnit4Provider.executeTestSet(JUnit4Provider.java:141)
	at org.apache.maven.surefire.junit4.JUnit4Provider.invoke(JUnit4Provider.java:112)
	at sun.reflect.NativeMethodAccessorImpl.invoke0(Native Method)
	at sun.reflect.NativeMethodAccessorImpl.invoke(NativeMethodAccessorImpl.java:62)
	at sun.reflect.DelegatingMethodAccessorImpl.invoke(DelegatingMethodAccessorImpl.java:43)
	at java.lang.reflect.Method.invoke(Method.java:497)
	at org.apache.maven.surefire.util.ReflectionUtils.invokeMethodWithArray(ReflectionUtils.java:189)
	at org.apache.maven.surefire.booter.ProviderFactory$ProviderProxy.invoke(ProviderFactory.java:165)
	at org.apache.maven.surefire.booter.ProviderFactory.invokeProvider(ProviderFactory.java:85)
	at org.apache.maven.surefire.booter.ForkedBooter.runSuitesInProcess(ForkedBooter.java:115)
	at org.apache.maven.surefire.booter.ForkedBooter.main(ForkedBooter.java:75)
</failure>
    <system-out> ### Starting PersonController. PersonController### 
 ### Ending PersonController. PersonController### 
[INFO] Mapped &quot;{[/person/{id}],methods=[],params=[],headers=[],consumes=[],produces=[],custom=[]}&quot; onto public com.trey.addrbook.dto.PersonDto com.trey.addrbook.controller.PersonController.getPersonById(java.lang.Integer) | StandaloneMockMvcBuilder$StaticRequestMappingHandlerMapping.registerHandlerMethod(179)
[INFO] Mapped &quot;{[/person],methods=[POST],params=[],headers=[],consumes=[],produces=[],custom=[]}&quot; onto public java.lang.Integer com.trey.addrbook.controller.PersonController.createPerson(com.trey.addrbook.dto.save.SavePersonRequest) | StandaloneMockMvcBuilder$StaticRequestMappingHandlerMapping.registerHandlerMethod(179)
[INFO] Mapped &quot;{[/person],methods=[],params=[id],headers=[],consumes=[],produces=[],custom=[]}&quot; onto public com.trey.addrbook.dto.PersonDto com.trey.addrbook.controller.PersonController.getPersonByIdFromParam(java.lang.Integer) | StandaloneMockMvcBuilder$StaticRequestMappingHandlerMapping.registerHandlerMethod(179)
[INFO] Initializing Spring FrameworkServlet &apos;&apos; | MockServletContext.log(390)
[INFO] FrameworkServlet &apos;&apos;: initialization started | TestDispatcherServlet.initServletBean(454)
[INFO] FrameworkServlet &apos;&apos;: initialization completed in 0 ms | TestDispatcherServlet.initServletBean(473)
 ### Starting  Ending PersonDaoImpl. getPersonByIdFromParam ### 
 ### Starting  PersonDaoImpl. findById### 
 ### Ending PersonDaoImpl. findById### [Person [id=1, userName=thoward333, firstName=Fred, lastName=Howard]]
 ### Starting DtoFactory. createPerson ### 
 ### Ending DtoFactory. createPerson ### 1
</system-out>
    <system-err>Mar 28, 2016 12:12:56 PM org.hibernate.validator.engine.resolver.DefaultTraversableResolver detectJPA
INFO: Instantiated an instance of org.hibernate.validator.engine.resolver.JPATraversableResolver.
</system-err>
  </testcase>
</testsuite>