<?xml version="1.0" encoding="UTF-8" ?>
<testsuite tests="4" failures="3" name="com.trey.addrbook.e2e.TestEndToEnd" time="0.264" errors="0" skipped="0">
  <properties>
    <property name="java.runtime.name" value="Java(TM) SE Runtime Environment"/>
    <property name="sun.boot.library.path" value="C:\Program Files\Java\jdk1.8.0_73\jre\bin"/>
    <property name="java.vm.version" value="25.73-b02"/>
    <property name="java.vm.vendor" value="Oracle Corporation"/>
    <property name="maven.multiModuleProjectDirectory" value="C:\Source\git\angular\addrbook"/>
    <property name="java.vendor.url" value="http://java.oracle.com/"/>
    <property name="path.separator" value=";"/>
    <property name="guice.disable.misplaced.annotation.check" value="true"/>
    <property name="java.vm.name" value="Java HotSpot(TM) 64-Bit Server VM"/>
    <property name="file.encoding.pkg" value="sun.io"/>
    <property name="user.script" value=""/>
    <property name="user.country" value="US"/>
    <property name="sun.java.launcher" value="SUN_STANDARD"/>
    <property name="sun.os.patch.level" value="Service Pack 1"/>
    <property name="java.vm.specification.name" value="Java Virtual Machine Specification"/>
    <property name="user.dir" value="C:\Source\git\angular\addrbook"/>
    <property name="java.runtime.version" value="1.8.0_73-b02"/>
    <property name="java.awt.graphicsenv" value="sun.awt.Win32GraphicsEnvironment"/>
    <property name="java.endorsed.dirs" value="C:\Program Files\Java\jdk1.8.0_73\jre\lib\endorsed"/>
    <property name="os.arch" value="amd64"/>
    <property name="java.io.tmpdir" value="C:\Users\csonisk\AppData\Local\Temp\"/>
    <property name="line.separator" value="
"/>
    <property name="java.vm.specification.vendor" value="Oracle Corporation"/>
    <property name="user.variant" value=""/>
    <property name="os.name" value="Windows 7"/>
    <property name="classworlds.conf" value="C:\Users\csonisk\workspace\addrbook\.metadata\.plugins\org.eclipse.m2e.launching\launches\m2conf7568795156556714056.tmp"/>
    <property name="sun.jnu.encoding" value="Cp1252"/>
    <property name="java.library.path" value="C:\Program Files\Java\jdk1.8.0_73\bin;C:\WINDOWS\Sun\Java\bin;C:\WINDOWS\system32;C:\WINDOWS;C:/Program Files/Java/jre1.8.0_73/bin/server;C:/Program Files/Java/jre1.8.0_73/bin;C:/Program Files/Java/jre1.8.0_73/lib/amd64;C:\ProgramData\Oracle\Java\javapath;C:\SDKs\MKS\IntegrityClient\bin;C:\WINDOWS\system32;C:\WINDOWS;C:\WINDOWS\System32\Wbem;C:\WINDOWS\System32\WindowsPowerShell\v1.0\;C:\WINDOWS\System32\WindowsPowerShell\v1.0\;C:\Program Files (x86)\Microsoft Application Virtualization Client;C:\Program Files\Java\jdk1.8.0_73\bin;C:\Tools\apache-maven-3.3.1\bin;C:\SDKs\MKS\Toolkit\mksnt;C:\Tools\MySQL55\bin;C:\Software\Flex Software\openlogic-ant-1.8.1-all-bin-1\ant-1.8.1\bin;C:\Tools\jboss-5.1.0.GA\bin;C:\Tools\jboss-5.1.0.GA/bin/jboss-cli.sh;C:\Program Files\nodejs;C:\Tools\sonarqube-5.1.1\sonar-runner-2.4\bin;C:\SDKs\spring-roo-2.0.0.M1\bin;C:\Tools\apache-ant-1.9.6\bin;C:\Program Files (x86)\Heroku\bin;C:\Program Files (x86)\git\cmd;C:\Software\eclipse-soft\eclipse;;."/>
    <property name="java.specification.name" value="Java Platform API Specification"/>
    <property name="java.class.version" value="52.0"/>
    <property name="sun.management.compiler" value="HotSpot 64-Bit Tiered Compilers"/>
    <property name="os.version" value="6.1"/>
    <property name="user.home" value="C:\Users\csonisk"/>
    <property name="user.timezone" value="Asia/Calcutta"/>
    <property name="java.awt.printerjob" value="sun.awt.windows.WPrinterJob"/>
    <property name="java.specification.version" value="1.8"/>
    <property name="file.encoding" value="Cp1252"/>
    <property name="user.name" value="csonisk"/>
    <property name="java.class.path" value="/C:/Software/eclipse-soft/eclipse/plugins/org.eclipse.m2e.maven.runtime_1.6.2.20150902-0001/jars/plexus-classworlds-2.5.2.jar"/>
    <property name="java.vm.specification.version" value="1.8"/>
    <property name="sun.arch.data.model" value="64"/>
    <property name="java.home" value="C:\Program Files\Java\jdk1.8.0_73\jre"/>
    <property name="sun.java.command" value="org.codehaus.plexus.classworlds.launcher.Launcher -B test"/>
    <property name="java.specification.vendor" value="Oracle Corporation"/>
    <property name="user.language" value="en"/>
    <property name="awt.toolkit" value="sun.awt.windows.WToolkit"/>
    <property name="java.vm.info" value="mixed mode"/>
    <property name="java.version" value="1.8.0_73"/>
    <property name="java.ext.dirs" value="C:\Program Files\Java\jdk1.8.0_73\jre\lib\ext;C:\WINDOWS\Sun\Java\lib\ext"/>
    <property name="sun.boot.class.path" value="C:\Program Files\Java\jdk1.8.0_73\jre\lib\resources.jar;C:\Program Files\Java\jdk1.8.0_73\jre\lib\rt.jar;C:\Program Files\Java\jdk1.8.0_73\jre\lib\sunrsasign.jar;C:\Program Files\Java\jdk1.8.0_73\jre\lib\jsse.jar;C:\Program Files\Java\jdk1.8.0_73\jre\lib\jce.jar;C:\Program Files\Java\jdk1.8.0_73\jre\lib\charsets.jar;C:\Program Files\Java\jdk1.8.0_73\jre\lib\jfr.jar;C:\Program Files\Java\jdk1.8.0_73\jre\classes"/>
    <property name="java.vendor" value="Oracle Corporation"/>
    <property name="maven.home" value="C:\Source\git\angular\addrbook\EMBEDDED"/>
    <property name="file.separator" value="\"/>
    <property name="java.vendor.url.bug" value="http://bugreport.sun.com/bugreport/"/>
    <property name="sun.cpu.endian" value="little"/>
    <property name="sun.io.unicode.encoding" value="UnicodeLittle"/>
    <property name="sun.desktop" value="windows"/>
    <property name="sun.cpu.isalist" value="amd64"/>
  </properties>
  <testcase classname="com.trey.addrbook.e2e.TestEndToEnd" name="test_getPersonById" time="0.125">
    <failure message="JSON path$.fullname
Expected: is &quot;Trey Howard&quot;
     got: &quot;Fred Howard&quot;
" type="java.lang.AssertionError">java.lang.AssertionError: JSON path$.fullname
Expected: is &quot;Trey Howard&quot;
     got: &quot;Fred Howard&quot;

	at org.springframework.test.util.MatcherAssertionErrors.assertThat(MatcherAssertionErrors.java:76)
	at org.springframework.test.util.JsonPathExpectationsHelper.assertValue(JsonPathExpectationsHelper.java:65)
	at org.springframework.test.web.servlet.result.JsonPathResultMatchers$1.match(JsonPathResultMatchers.java:54)
	at org.springframework.test.web.servlet.MockMvc$1.andExpect(MockMvc.java:148)
	at com.trey.addrbook.e2e.TestEndToEnd.test_getPersonById(TestEndToEnd.java:50)
	at sun.reflect.NativeMethodAccessorImpl.invoke0(Native Method)
	at sun.reflect.NativeMethodAccessorImpl.invoke(NativeMethodAccessorImpl.java:62)
	at sun.reflect.DelegatingMethodAccessorImpl.invoke(DelegatingMethodAccessorImpl.java:43)
	at java.lang.reflect.Method.invoke(Method.java:497)
	at org.junit.runners.model.FrameworkMethod$1.runReflectiveCall(FrameworkMethod.java:47)
	at org.junit.internal.runners.model.ReflectiveCallable.run(ReflectiveCallable.java:12)
	at org.junit.runners.model.FrameworkMethod.invokeExplosively(FrameworkMethod.java:44)
	at org.junit.internal.runners.statements.InvokeMethod.evaluate(InvokeMethod.java:17)
	at org.junit.internal.runners.statements.RunBefores.evaluate(RunBefores.java:26)
	at org.springframework.test.context.junit4.statements.RunBeforeTestMethodCallbacks.evaluate(RunBeforeTestMethodCallbacks.java:74)
	at org.springframework.test.context.junit4.statements.RunAfterTestMethodCallbacks.evaluate(RunAfterTestMethodCallbacks.java:83)
	at org.springframework.test.context.junit4.statements.SpringRepeat.evaluate(SpringRepeat.java:72)
	at org.springframework.test.context.junit4.SpringJUnit4ClassRunner.runChild(SpringJUnit4ClassRunner.java:231)
	at org.springframework.test.context.junit4.SpringJUnit4ClassRunner.runChild(SpringJUnit4ClassRunner.java:88)
	at org.junit.runners.ParentRunner$3.run(ParentRunner.java:238)
	at org.junit.runners.ParentRunner$1.schedule(ParentRunner.java:63)
	at org.junit.runners.ParentRunner.runChildren(ParentRunner.java:236)
	at org.junit.runners.ParentRunner.access$000(ParentRunner.java:53)
	at org.junit.runners.ParentRunner$2.evaluate(ParentRunner.java:229)
	at org.springframework.test.context.junit4.statements.RunBeforeTestClassCallbacks.evaluate(RunBeforeTestClassCallbacks.java:61)
	at org.springframework.test.context.junit4.statements.RunAfterTestClassCallbacks.evaluate(RunAfterTestClassCallbacks.java:71)
	at org.junit.runners.ParentRunner.run(ParentRunner.java:309)
	at org.springframework.test.context.junit4.SpringJUnit4ClassRunner.run(SpringJUnit4ClassRunner.java:174)
	at org.apache.maven.surefire.junit4.JUnit4Provider.execute(JUnit4Provider.java:252)
	at org.apache.maven.surefire.junit4.JUnit4Provider.executeTestSet(JUnit4Provider.java:141)
	at org.apache.maven.surefire.junit4.JUnit4Provider.invoke(JUnit4Provider.java:112)
	at sun.reflect.NativeMethodAccessorImpl.invoke0(Native Method)
	at sun.reflect.NativeMethodAccessorImpl.invoke(NativeMethodAccessorImpl.java:62)
	at sun.reflect.DelegatingMethodAccessorImpl.invoke(DelegatingMethodAccessorImpl.java:43)
	at java.lang.reflect.Method.invoke(Method.java:497)
	at org.apache.maven.surefire.util.ReflectionUtils.invokeMethodWithArray(ReflectionUtils.java:189)
	at org.apache.maven.surefire.booter.ProviderFactory$ProviderProxy.invoke(ProviderFactory.java:165)
	at org.apache.maven.surefire.booter.ProviderFactory.invokeProvider(ProviderFactory.java:85)
	at org.apache.maven.surefire.booter.ForkedBooter.runSuitesInProcess(ForkedBooter.java:115)
	at org.apache.maven.surefire.booter.ForkedBooter.main(ForkedBooter.java:75)
</failure>
    <system-out>[INFO] Refreshing org.springframework.context.support.GenericApplicationContext@7fc44dec: startup date [Mon Mar 28 12:12:56 IST 2016]; root of context hierarchy | GenericApplicationContext.prepareRefresh(510)
[INFO] JSR-330 &apos;javax.inject.Inject&apos; annotation found and supported for autowiring | AutowiredAnnotationBeanPostProcessor.&lt;init&gt;(141)
[INFO] Pre-instantiating singletons in org.springframework.beans.factory.support.DefaultListableBeanFactory@293d0107: defining beans [org.springframework.context.annotation.internalConfigurationAnnotationProcessor,org.springframework.context.annotation.internalAutowiredAnnotationProcessor,org.springframework.context.annotation.internalRequiredAnnotationProcessor,org.springframework.context.annotation.internalCommonAnnotationProcessor,rootConfig,org.springframework.context.annotation.ConfigurationClassPostProcessor.importAwareProcessor,personServiceImpl,personDaoImpl,dtoFactory,org.springframework.aop.config.internalAutoProxyCreator,org.springframework.transaction.annotation.ProxyTransactionManagementConfiguration,org.springframework.transaction.config.internalTransactionAdvisor,transactionAttributeSource,transactionInterceptor,com.trey.addrbook.bootstrap.DatabaseConfig,dataSource,txManager]; root of factory hierarchy | DefaultListableBeanFactory.preInstantiateSingletons(598)
[INFO] Loaded JDBC driver: com.mysql.jdbc.Driver | DriverManagerDataSource.setDriverClassName(153)
 ### Starting PersonController. PersonController### 
 ### Ending PersonController. PersonController### 
[INFO] Mapped &quot;{[/person/{id}],methods=[],params=[],headers=[],consumes=[],produces=[],custom=[]}&quot; onto public com.trey.addrbook.dto.PersonDto com.trey.addrbook.controller.PersonController.getPersonById(java.lang.Integer) | StandaloneMockMvcBuilder$StaticRequestMappingHandlerMapping.registerHandlerMethod(179)
[INFO] Mapped &quot;{[/person],methods=[POST],params=[],headers=[],consumes=[],produces=[],custom=[]}&quot; onto public java.lang.Integer com.trey.addrbook.controller.PersonController.createPerson(com.trey.addrbook.dto.save.SavePersonRequest) | StandaloneMockMvcBuilder$StaticRequestMappingHandlerMapping.registerHandlerMethod(179)
[INFO] Mapped &quot;{[/person],methods=[],params=[id],headers=[],consumes=[],produces=[],custom=[]}&quot; onto public com.trey.addrbook.dto.PersonDto com.trey.addrbook.controller.PersonController.getPersonByIdFromParam(java.lang.Integer) | StandaloneMockMvcBuilder$StaticRequestMappingHandlerMapping.registerHandlerMethod(179)
[INFO] Initializing Spring FrameworkServlet &apos;&apos; | MockServletContext.log(390)
[INFO] FrameworkServlet &apos;&apos;: initialization started | TestDispatcherServlet.initServletBean(454)
[INFO] FrameworkServlet &apos;&apos;: initialization completed in 0 ms | TestDispatcherServlet.initServletBean(473)
 ### Starting Ending PersonController. getPersonById### 
 ### Starting  PersonDaoImpl. findById### 
 ### Ending PersonDaoImpl. findById### [Person [id=1, userName=thoward333, firstName=Fred, lastName=Howard]]
 ### Starting DtoFactory. createPerson ### 
 ### Ending DtoFactory. createPerson ### 1
</system-out>
    <system-err>Mar 28, 2016 12:12:56 PM org.hibernate.validator.engine.resolver.DefaultTraversableResolver detectJPA
INFO: Instantiated an instance of org.hibernate.validator.engine.resolver.JPATraversableResolver.
</system-err>
  </testcase>
  <testcase classname="com.trey.addrbook.e2e.TestEndToEnd" name="test_savePerson" time="0.081">
    <failure message="Response content expected:&lt;4&gt; but was:&lt;5&gt;" type="java.lang.AssertionError">java.lang.AssertionError: Response content expected:&lt;4&gt; but was:&lt;5&gt;
	at org.springframework.test.util.AssertionErrors.fail(AssertionErrors.java:60)
	at org.springframework.test.util.AssertionErrors.assertEquals(AssertionErrors.java:89)
	at org.springframework.test.web.servlet.result.ContentResultMatchers$5.match(ContentResultMatchers.java:139)
	at org.springframework.test.web.servlet.MockMvc$1.andExpect(MockMvc.java:148)
	at com.trey.addrbook.e2e.TestEndToEnd.test_savePerson(TestEndToEnd.java:97)
	at sun.reflect.NativeMethodAccessorImpl.invoke0(Native Method)
	at sun.reflect.NativeMethodAccessorImpl.invoke(NativeMethodAccessorImpl.java:62)
	at sun.reflect.DelegatingMethodAccessorImpl.invoke(DelegatingMethodAccessorImpl.java:43)
	at java.lang.reflect.Method.invoke(Method.java:497)
	at org.junit.runners.model.FrameworkMethod$1.runReflectiveCall(FrameworkMethod.java:47)
	at org.junit.internal.runners.model.ReflectiveCallable.run(ReflectiveCallable.java:12)
	at org.junit.runners.model.FrameworkMethod.invokeExplosively(FrameworkMethod.java:44)
	at org.junit.internal.runners.statements.InvokeMethod.evaluate(InvokeMethod.java:17)
	at org.junit.internal.runners.statements.RunBefores.evaluate(RunBefores.java:26)
	at org.springframework.test.context.junit4.statements.RunBeforeTestMethodCallbacks.evaluate(RunBeforeTestMethodCallbacks.java:74)
	at org.springframework.test.context.junit4.statements.RunAfterTestMethodCallbacks.evaluate(RunAfterTestMethodCallbacks.java:83)
	at org.springframework.test.context.junit4.statements.SpringRepeat.evaluate(SpringRepeat.java:72)
	at org.springframework.test.context.junit4.SpringJUnit4ClassRunner.runChild(SpringJUnit4ClassRunner.java:231)
	at org.springframework.test.context.junit4.SpringJUnit4ClassRunner.runChild(SpringJUnit4ClassRunner.java:88)
	at org.junit.runners.ParentRunner$3.run(ParentRunner.java:238)
	at org.junit.runners.ParentRunner$1.schedule(ParentRunner.java:63)
	at org.junit.runners.ParentRunner.runChildren(ParentRunner.java:236)
	at org.junit.runners.ParentRunner.access$000(ParentRunner.java:53)
	at org.junit.runners.ParentRunner$2.evaluate(ParentRunner.java:229)
	at org.springframework.test.context.junit4.statements.RunBeforeTestClassCallbacks.evaluate(RunBeforeTestClassCallbacks.java:61)
	at org.springframework.test.context.junit4.statements.RunAfterTestClassCallbacks.evaluate(RunAfterTestClassCallbacks.java:71)
	at org.junit.runners.ParentRunner.run(ParentRunner.java:309)
	at org.springframework.test.context.junit4.SpringJUnit4ClassRunner.run(SpringJUnit4ClassRunner.java:174)
	at org.apache.maven.surefire.junit4.JUnit4Provider.execute(JUnit4Provider.java:252)
	at org.apache.maven.surefire.junit4.JUnit4Provider.executeTestSet(JUnit4Provider.java:141)
	at org.apache.maven.surefire.junit4.JUnit4Provider.invoke(JUnit4Provider.java:112)
	at sun.reflect.NativeMethodAccessorImpl.invoke0(Native Method)
	at sun.reflect.NativeMethodAccessorImpl.invoke(NativeMethodAccessorImpl.java:62)
	at sun.reflect.DelegatingMethodAccessorImpl.invoke(DelegatingMethodAccessorImpl.java:43)
	at java.lang.reflect.Method.invoke(Method.java:497)
	at org.apache.maven.surefire.util.ReflectionUtils.invokeMethodWithArray(ReflectionUtils.java:189)
	at org.apache.maven.surefire.booter.ProviderFactory$ProviderProxy.invoke(ProviderFactory.java:165)
	at org.apache.maven.surefire.booter.ProviderFactory.invokeProvider(ProviderFactory.java:85)
	at org.apache.maven.surefire.booter.ForkedBooter.runSuitesInProcess(ForkedBooter.java:115)
	at org.apache.maven.surefire.booter.ForkedBooter.main(ForkedBooter.java:75)
</failure>
    <system-out> ### Starting PersonController. PersonController### 
 ### Ending PersonController. PersonController### 
[INFO] Mapped &quot;{[/person/{id}],methods=[],params=[],headers=[],consumes=[],produces=[],custom=[]}&quot; onto public com.trey.addrbook.dto.PersonDto com.trey.addrbook.controller.PersonController.getPersonById(java.lang.Integer) | StandaloneMockMvcBuilder$StaticRequestMappingHandlerMapping.registerHandlerMethod(179)
[INFO] Mapped &quot;{[/person],methods=[POST],params=[],headers=[],consumes=[],produces=[],custom=[]}&quot; onto public java.lang.Integer com.trey.addrbook.controller.PersonController.createPerson(com.trey.addrbook.dto.save.SavePersonRequest) | StandaloneMockMvcBuilder$StaticRequestMappingHandlerMapping.registerHandlerMethod(179)
[INFO] Mapped &quot;{[/person],methods=[],params=[id],headers=[],consumes=[],produces=[],custom=[]}&quot; onto public com.trey.addrbook.dto.PersonDto com.trey.addrbook.controller.PersonController.getPersonByIdFromParam(java.lang.Integer) | StandaloneMockMvcBuilder$StaticRequestMappingHandlerMapping.registerHandlerMethod(179)
[INFO] Initializing Spring FrameworkServlet &apos;&apos; | MockServletContext.log(390)
[INFO] FrameworkServlet &apos;&apos;: initialization started | TestDispatcherServlet.initServletBean(454)
[INFO] FrameworkServlet &apos;&apos;: initialization completed in 0 ms | TestDispatcherServlet.initServletBean(473)
 ### Starting  PersonDaoImpl. createPerson ### 
 ### Ending  PersonDaoImpl. createPerson ### 
</system-out>
    <system-err>Mar 28, 2016 12:12:56 PM org.hibernate.validator.engine.resolver.DefaultTraversableResolver detectJPA
INFO: Instantiated an instance of org.hibernate.validator.engine.resolver.JPATraversableResolver.
</system-err>
  </testcase>
  <testcase classname="com.trey.addrbook.e2e.TestEndToEnd" name="test_getPersonById_NotFound" time="0.027"/>
  <testcase classname="com.trey.addrbook.e2e.TestEndToEnd" name="test_getPersonByIdFromParam" time="0.031">
    <failure message="JSON path$.fullname
Expected: is &quot;Trey Howard&quot;
     got: &quot;Fred Howard&quot;
" type="java.lang.AssertionError">java.lang.AssertionError: JSON path$.fullname
Expected: is &quot;Trey Howard&quot;
     got: &quot;Fred Howard&quot;

	at org.springframework.test.util.MatcherAssertionErrors.assertThat(MatcherAssertionErrors.java:76)
	at org.springframework.test.util.JsonPathExpectationsHelper.assertValue(JsonPathExpectationsHelper.java:65)
	at org.springframework.test.web.servlet.result.JsonPathResultMatchers$1.match(JsonPathResultMatchers.java:54)
	at org.springframework.test.web.servlet.MockMvc$1.andExpect(MockMvc.java:148)
	at com.trey.addrbook.e2e.TestEndToEnd.test_getPersonByIdFromParam(TestEndToEnd.java:75)
	at sun.reflect.NativeMethodAccessorImpl.invoke0(Native Method)
	at sun.reflect.NativeMethodAccessorImpl.invoke(NativeMethodAccessorImpl.java:62)
	at sun.reflect.DelegatingMethodAccessorImpl.invoke(DelegatingMethodAccessorImpl.java:43)
	at java.lang.reflect.Method.invoke(Method.java:497)
	at org.junit.runners.model.FrameworkMethod$1.runReflectiveCall(FrameworkMethod.java:47)
	at org.junit.internal.runners.model.ReflectiveCallable.run(ReflectiveCallable.java:12)
	at org.junit.runners.model.FrameworkMethod.invokeExplosively(FrameworkMethod.java:44)
	at org.junit.internal.runners.statements.InvokeMethod.evaluate(InvokeMethod.java:17)
	at org.junit.internal.runners.statements.RunBefores.evaluate(RunBefores.java:26)
	at org.springframework.test.context.junit4.statements.RunBeforeTestMethodCallbacks.evaluate(RunBeforeTestMethodCallbacks.java:74)
	at org.springframework.test.context.junit4.statements.RunAfterTestMethodCallbacks.evaluate(RunAfterTestMethodCallbacks.java:83)
	at org.springframework.test.context.junit4.statements.SpringRepeat.evaluate(SpringRepeat.java:72)
	at org.springframework.test.context.junit4.SpringJUnit4ClassRunner.runChild(SpringJUnit4ClassRunner.java:231)
	at org.springframework.test.context.junit4.SpringJUnit4ClassRunner.runChild(SpringJUnit4ClassRunner.java:88)
	at org.junit.runners.ParentRunner$3.run(ParentRunner.java:238)
	at org.junit.runners.ParentRunner$1.schedule(ParentRunner.java:63)
	at org.junit.runners.ParentRunner.runChildren(ParentRunner.java:236)
	at org.junit.runners.ParentRunner.access$000(ParentRunner.java:53)
	at org.junit.runners.ParentRunner$2.evaluate(ParentRunner.java:229)
	at org.springframework.test.context.junit4.statements.RunBeforeTestClassCallbacks.evaluate(RunBeforeTestClassCallbacks.java:61)
	at org.springframework.test.context.junit4.statements.RunAfterTestClassCallbacks.evaluate(RunAfterTestClassCallbacks.java:71)
	at org.junit.runners.ParentRunner.run(ParentRunner.java:309)
	at org.springframework.test.context.junit4.SpringJUnit4ClassRunner.run(SpringJUnit4ClassRunner.java:174)
	at org.apache.maven.surefire.junit4.JUnit4Provider.execute(JUnit4Provider.java:252)
	at org.apache.maven.surefire.junit4.JUnit4Provider.executeTestSet(JUnit4Provider.java:141)
	at org.apache.maven.surefire.junit4.JUnit4Provider.invoke(JUnit4Provider.java:112)
	at sun.reflect.NativeMethodAccessorImpl.invoke0(Native Method)
	at sun.reflect.NativeMethodAccessorImpl.invoke(NativeMethodAccessorImpl.java:62)
	at sun.reflect.DelegatingMethodAccessorImpl.invoke(DelegatingMethodAccessorImpl.java:43)
	at java.lang.reflect.Method.invoke(Method.java:497)
	at org.apache.maven.surefire.util.ReflectionUtils.invokeMethodWithArray(ReflectionUtils.java:189)
	at org.apache.maven.surefire.booter.ProviderFactory$ProviderProxy.invoke(ProviderFactory.java:165)
	at org.apache.maven.surefire.booter.ProviderFactory.invokeProvider(ProviderFactory.java:85)
	at org.apache.maven.surefire.booter.ForkedBooter.runSuitesInProcess(ForkedBooter.java:115)
	at org.apache.maven.surefire.booter.ForkedBooter.main(ForkedBooter.java:75)
</failure>
    <system-out> ### Starting PersonController. PersonController### 
 ### Ending PersonController. PersonController### 
[INFO] Mapped &quot;{[/person/{id}],methods=[],params=[],headers=[],consumes=[],produces=[],custom=[]}&quot; onto public com.trey.addrbook.dto.PersonDto com.trey.addrbook.controller.PersonController.getPersonById(java.lang.Integer) | StandaloneMockMvcBuilder$StaticRequestMappingHandlerMapping.registerHandlerMethod(179)
[INFO] Mapped &quot;{[/person],methods=[POST],params=[],headers=[],consumes=[],produces=[],custom=[]}&quot; onto public java.lang.Integer com.trey.addrbook.controller.PersonController.createPerson(com.trey.addrbook.dto.save.SavePersonRequest) | StandaloneMockMvcBuilder$StaticRequestMappingHandlerMapping.registerHandlerMethod(179)
[INFO] Mapped &quot;{[/person],methods=[],params=[id],headers=[],consumes=[],produces=[],custom=[]}&quot; onto public com.trey.addrbook.dto.PersonDto com.trey.addrbook.controller.PersonController.getPersonByIdFromParam(java.lang.Integer) | StandaloneMockMvcBuilder$StaticRequestMappingHandlerMapping.registerHandlerMethod(179)
[INFO] Initializing Spring FrameworkServlet &apos;&apos; | MockServletContext.log(390)
[INFO] FrameworkServlet &apos;&apos;: initialization started | TestDispatcherServlet.initServletBean(454)
[INFO] FrameworkServlet &apos;&apos;: initialization completed in 0 ms | TestDispatcherServlet.initServletBean(473)
 ### Starting  Ending PersonDaoImpl. getPersonByIdFromParam ### 
 ### Starting  PersonDaoImpl. findById### 
 ### Ending PersonDaoImpl. findById### [Person [id=1, userName=thoward333, firstName=Fred, lastName=Howard]]
 ### Starting DtoFactory. createPerson ### 
 ### Ending DtoFactory. createPerson ### 1
</system-out>
    <system-err>Mar 28, 2016 12:12:56 PM org.hibernate.validator.engine.resolver.DefaultTraversableResolver detectJPA
INFO: Instantiated an instance of org.hibernate.validator.engine.resolver.JPATraversableResolver.
</system-err>
  </testcase>
</testsuite>