<?xml version="1.0" encoding="UTF-8" ?>
<testsuite tests="4" failures="0" name="com.trey.addrbook.controller.TestPersonController" time="1.206" errors="0" skipped="0">
  <properties>
[...]
</properties>
  <testcase classname="com.trey.addrbook.controller.TestPersonController" name="test_getPersonById" time="1.122"/>
  <testcase classname="com.trey.addrbook.controller.TestPersonController" name="test_savePerson" time="0.044"/>
  <testcase classname="com.trey.addrbook.controller.TestPersonController" name="test_getPersonById_NotFound" time="0.022"/>
  <testcase classname="com.trey.addrbook.controller.TestPersonController" name="test_getPersonByIdFromParam" time="0.018"/>
</testsuite>